[debug] [2025-05-05T13:12:27.808Z] ----------------------------------------------------------------------
[debug] [2025-05-05T13:12:27.814Z] Command:       C:\Program Files\nodejs\node.exe C:\Users\fabia\AppData\Roaming\npm\node_modules\firebase-tools\lib\bin\firebase.js emulators:start --only firestore,functions
[debug] [2025-05-05T13:12:27.815Z] CLI Version:   14.2.2
[debug] [2025-05-05T13:12:27.816Z] Platform:      win32
[debug] [2025-05-05T13:12:27.817Z] Node Version:  v22.15.0
[debug] [2025-05-05T13:12:27.818Z] Time:          Mon May 05 2025 09:12:27 GMT-0400 (Eastern Daylight Time)
[debug] [2025-05-05T13:12:27.818Z] ----------------------------------------------------------------------
[debug] 
[debug] [2025-05-05T13:12:28.669Z] > command requires scopes: ["email","openid","https://www.googleapis.com/auth/cloudplatformprojects.readonly","https://www.googleapis.com/auth/firebase","https://www.googleapis.com/auth/cloud-platform"]
[debug] [2025-05-05T13:12:28.671Z] > authorizing via signed-in user (fabiano.oliveira.jr@gmail.com)
[debug] [2025-05-05T13:12:28.886Z] java version "24.0.1" 2025-04-15

[debug] [2025-05-05T13:12:28.887Z] Java(TM) SE Runtime Environment (build 24.0.1+9-30)
Java HotSpot(TM) 64-Bit Server VM (build 24.0.1+9-30, mixed mode, sharing)

[debug] [2025-05-05T13:12:28.918Z] Parsed Java major version: 24
[info] i  emulators: Starting emulators: functions, firestore {"metadata":{"emulator":{"name":"hub"},"message":"Starting emulators: functions, firestore"}}
[debug] [2025-05-05T13:12:28.942Z] [logging] Logging Emulator only supports listening on one address (127.0.0.1). Not listening on ::1
[debug] [2025-05-05T13:12:28.943Z] [firestore] Firestore Emulator only supports listening on one address (127.0.0.1). Not listening on ::1
[debug] [2025-05-05T13:12:28.943Z] [firestore.websocket] websocket server for firestore only supports listening on one address (127.0.0.1). Not listening on ::1
[debug] [2025-05-05T13:12:28.943Z] assigned listening specs for emulators {"user":{"hub":[{"address":"127.0.0.1","family":"IPv4","port":4400},{"address":"::1","family":"IPv6","port":4400}],"ui":[{"address":"127.0.0.1","family":"IPv4","port":4000},{"address":"::1","family":"IPv6","port":4000}],"logging":[{"address":"127.0.0.1","family":"IPv4","port":4500}],"firestore":[{"address":"127.0.0.1","family":"IPv4","port":8080}],"firestore.websocket":[{"address":"127.0.0.1","family":"IPv4","port":9150}]},"metadata":{"message":"assigned listening specs for emulators"}}
[debug] [2025-05-05T13:12:28.956Z] [hub] writing locator at C:\Users\fabia\AppData\Local\Temp\hub-licheskis-cook-assintant.json
[debug] [2025-05-05T13:12:28.985Z] [functions] Functions Emulator only supports listening on one address (127.0.0.1). Not listening on ::1
[debug] [2025-05-05T13:12:28.985Z] [eventarc] Eventarc Emulator only supports listening on one address (127.0.0.1). Not listening on ::1
[debug] [2025-05-05T13:12:28.985Z] [tasks] Cloud Tasks Emulator only supports listening on one address (127.0.0.1). Not listening on ::1
[debug] [2025-05-05T13:12:28.985Z] late-assigned ports for functions and eventarc emulators {"user":{"hub":[{"address":"127.0.0.1","family":"IPv4","port":4400},{"address":"::1","family":"IPv6","port":4400}],"ui":[{"address":"127.0.0.1","family":"IPv4","port":4000},{"address":"::1","family":"IPv6","port":4000}],"logging":[{"address":"127.0.0.1","family":"IPv4","port":4500}],"firestore":[{"address":"127.0.0.1","family":"IPv4","port":8080}],"firestore.websocket":[{"address":"127.0.0.1","family":"IPv4","port":9150}],"functions":[{"address":"127.0.0.1","family":"IPv4","port":5001}],"eventarc":[{"address":"127.0.0.1","family":"IPv4","port":9299}],"tasks":[{"address":"127.0.0.1","family":"IPv4","port":9499}]},"metadata":{"message":"late-assigned ports for functions and eventarc emulators"}}
[warn] !  functions: The following emulators are not running, calls to these services from the Functions emulator will affect production: apphosting, auth, database, hosting, pubsub, storage, dataconnect {"metadata":{"emulator":{"name":"functions"},"message":"The following emulators are not running, calls to these services from the Functions emulator will affect production: \u001b[1mapphosting, auth, database, hosting, pubsub, storage, dataconnect\u001b[22m"}}
[debug] [2025-05-05T13:12:29.088Z] defaultcredentials: writing to file C:\Users\fabia\AppData\Roaming\firebase\fabiano_oliveira.jr_gmail.com_application_default_credentials.json
[debug] [2025-05-05T13:12:29.090Z] Setting GAC to C:\Users\fabia\AppData\Roaming\firebase\fabiano_oliveira.jr_gmail.com_application_default_credentials.json {"metadata":{"emulator":{"name":"functions"},"message":"Setting GAC to C:\\Users\\fabia\\AppData\\Roaming\\firebase\\fabiano_oliveira.jr_gmail.com_application_default_credentials.json"}}
[debug] [2025-05-05T13:12:29.092Z] Checked if tokens are valid: false, expires at: 1746451053210
[debug] [2025-05-05T13:12:29.092Z] Checked if tokens are valid: false, expires at: 1746451053210
[debug] [2025-05-05T13:12:29.092Z] > refreshing access token with scopes: []
[debug] [2025-05-05T13:12:29.096Z] >>> [apiv2][query] POST https://www.googleapis.com/oauth2/v3/token [none]
[debug] [2025-05-05T13:12:29.096Z] >>> [apiv2][body] POST https://www.googleapis.com/oauth2/v3/token [omitted]
[debug] [2025-05-05T13:12:29.486Z] <<< [apiv2][status] POST https://www.googleapis.com/oauth2/v3/token 200
[debug] [2025-05-05T13:12:29.486Z] <<< [apiv2][body] POST https://www.googleapis.com/oauth2/v3/token [omitted]
[debug] [2025-05-05T13:12:29.502Z] >>> [apiv2][query] GET https://firebase.googleapis.com/v1beta1/projects/licheskis-cook-assintant/adminSdkConfig [none]
[debug] [2025-05-05T13:12:30.091Z] <<< [apiv2][status] GET https://firebase.googleapis.com/v1beta1/projects/licheskis-cook-assintant/adminSdkConfig 200
[debug] [2025-05-05T13:12:30.092Z] <<< [apiv2][body] GET https://firebase.googleapis.com/v1beta1/projects/licheskis-cook-assintant/adminSdkConfig {"projectId":"licheskis-cook-assintant","storageBucket":"licheskis-cook-assintant.firebasestorage.app"}
[debug] [2025-05-05T13:12:30.136Z] Ignoring unsupported arg: auto_download {"metadata":{"emulator":{"name":"firestore"},"message":"Ignoring unsupported arg: auto_download"}}
[debug] [2025-05-05T13:12:30.136Z] Ignoring unsupported arg: single_project_mode_error {"metadata":{"emulator":{"name":"firestore"},"message":"Ignoring unsupported arg: single_project_mode_error"}}
[debug] [2025-05-05T13:12:30.137Z] Starting Firestore Emulator with command {"binary":"java","args":["-Dgoogle.cloud_firestore.debug_log_level=FINE","-Duser.language=en","-jar","C:\\Users\\fabia\\.cache\\firebase\\emulators\\cloud-firestore-emulator-v1.19.8.jar","--host","127.0.0.1","--port",8080,"--websocket_port",9150,"--project_id","licheskis-cook-assintant","--rules","C:\\Users\\fabia\\Documents\\licheskis-cook-assistant\\firestore.rules","--single_project_mode",true,"--functions_emulator","127.0.0.1:5001"],"optionalArgs":["port","webchannel_port","host","rules","websocket_port","functions_emulator","seed_from_export","project_id","single_project_mode"],"joinArgs":false,"shell":false,"port":8080} {"metadata":{"emulator":{"name":"firestore"},"message":"Starting Firestore Emulator with command {\"binary\":\"java\",\"args\":[\"-Dgoogle.cloud_firestore.debug_log_level=FINE\",\"-Duser.language=en\",\"-jar\",\"C:\\\\Users\\\\fabia\\\\.cache\\\\firebase\\\\emulators\\\\cloud-firestore-emulator-v1.19.8.jar\",\"--host\",\"127.0.0.1\",\"--port\",8080,\"--websocket_port\",9150,\"--project_id\",\"licheskis-cook-assintant\",\"--rules\",\"C:\\\\Users\\\\fabia\\\\Documents\\\\licheskis-cook-assistant\\\\firestore.rules\",\"--single_project_mode\",true,\"--functions_emulator\",\"127.0.0.1:5001\"],\"optionalArgs\":[\"port\",\"webchannel_port\",\"host\",\"rules\",\"websocket_port\",\"functions_emulator\",\"seed_from_export\",\"project_id\",\"single_project_mode\"],\"joinArgs\":false,\"shell\":false,\"port\":8080}"}}
[info] i  firestore: Firestore Emulator logging to firestore-debug.log {"metadata":{"emulator":{"name":"firestore"},"message":"Firestore Emulator logging to \u001b[1mfirestore-debug.log\u001b[22m"}}
[info] +  firestore: Firestore Emulator UI websocket is running on 9150. {"metadata":{"emulator":{"name":"firestore"},"message":"Firestore Emulator UI websocket is running on 9150."}}
[info] i  functions: Watching "C:\Users\fabia\Documents\licheskis-cook-assistant\functions" for Cloud Functions... {"metadata":{"emulator":{"name":"functions"},"message":"Watching \"C:\\Users\\fabia\\Documents\\licheskis-cook-assistant\\functions\" for Cloud Functions..."}}
[debug] [2025-05-05T13:12:34.336Z] Validating nodejs source
[debug] [2025-05-05T13:12:36.607Z] > [functions] package.json contents: {
  "name": "functions",
  "description": "Cloud Functions for Firebase",
  "scripts": {
    "lint": "eslint .",
    "serve": "firebase emulators:start --only functions",
    "shell": "firebase functions:shell",
    "start": "npm run shell",
    "deploy": "firebase deploy --only functions",
    "logs": "firebase functions:log"
  },
  "engines": {
    "node": "22"
  },
  "main": "index.js",
  "dependencies": {
    "cors": "^2.8.5",
    "express": "^5.1.0",
    "firebase-admin": "^12.6.0",
    "firebase-functions": "^6.0.1"
  },
  "devDependencies": {
    "eslint": "^8.15.0",
    "eslint-config-google": "^0.14.0",
    "firebase-functions-test": "^3.1.0"
  },
  "private": true
}
[debug] [2025-05-05T13:12:36.608Z] Building nodejs source
[debug] [2025-05-05T13:12:36.609Z] Failed to find version of module node: reached end of search path C:\Users\fabia\Documents\licheskis-cook-assistant\functions\node_modules
[info] +  functions: Using node@22 from host. 
[debug] [2025-05-05T13:12:36.614Z] Could not find functions.yaml. Must use http discovery
[debug] [2025-05-05T13:12:36.625Z] Found firebase-functions binary at 'C:\Users\fabia\Documents\licheskis-cook-assistant\functions\node_modules\.bin\firebase-functions'
[info] Serving at port 8732

[debug] [2025-05-05T13:12:38.690Z] Got response from /__/functions.yaml {"endpoints":{"api":{"platform":"gcfv1","availableMemoryMb":null,"timeoutSeconds":null,"minInstances":null,"maxInstances":null,"ingressSettings":null,"serviceAccountEmail":null,"vpc":null,"httpsTrigger":{},"entryPoint":"api"}},"specVersion":"v1alpha1","requiredAPIs":[],"extensions":{}}
[info] +  functions: Loaded functions definitions from source: api. {"metadata":{"emulator":{"name":"functions"},"message":"Loaded functions definitions from source: api."}}
[info] +  functions[us-central1-api]: http function initialized (http://127.0.0.1:5001/licheskis-cook-assintant/us-central1/api). {"metadata":{"emulator":{"name":"functions"},"message":"\u001b[1mhttp\u001b[22m function initialized (http://127.0.0.1:5001/licheskis-cook-assintant/us-central1/api)."}}
[debug] [2025-05-05T13:12:42.788Z] Could not find VSCode notification endpoint: FetchError: request to http://localhost:40001/vscode/notify failed, reason: . If you are not running the Firebase Data Connect VSCode extension, this is expected and not an issue.
[info] 
┌─────────────────────────────────────────────────────────────┐
│ ✔  All emulators ready! It is now safe to connect your app. │
│ i  View Emulator UI at http://127.0.0.1:4000/               │
└─────────────────────────────────────────────────────────────┘

┌───────────┬────────────────┬─────────────────────────────────┐
│ Emulator  │ Host:Port      │ View in Emulator UI             │
├───────────┼────────────────┼─────────────────────────────────┤
│ Functions │ 127.0.0.1:5001 │ http://127.0.0.1:4000/functions │
├───────────┼────────────────┼─────────────────────────────────┤
│ Firestore │ 127.0.0.1:8080 │ http://127.0.0.1:4000/firestore │
└───────────┴────────────────┴─────────────────────────────────┘
  Emulator Hub host: 127.0.0.1 port: 4400
  Other reserved ports: 4500, 9150

Issues? Report them at https://github.com/firebase/firebase-tools/issues and attach the *-debug.log files.
 
[debug] [2025-05-05T13:12:55.851Z] [work-queue] {"queuedWork":["/licheskis-cook-assintant/us-central1/api/recipes-2025-05-05T13:12:55.851Z"],"queueLength":1,"runningWork":[],"workRunningCount":0}
[debug] [2025-05-05T13:12:55.851Z] [work-queue] {"queuedWork":[],"queueLength":0,"runningWork":["/licheskis-cook-assintant/us-central1/api/recipes-2025-05-05T13:12:55.851Z"],"workRunningCount":1}
[debug] [2025-05-05T13:12:55.852Z] Accepted request GET /licheskis-cook-assintant/us-central1/api/recipes --> us-central1-api
[debug] [2025-05-05T13:12:55.857Z] [functions] Runtime ready! Sending request! {"metadata":{"emulator":{"name":"functions"},"message":"[functions] Runtime ready! Sending request!"}}
[debug] [2025-05-05T13:12:55.858Z] [functions] Got req.url=/licheskis-cook-assintant/us-central1/api/recipes, mapping to path=/recipes {"metadata":{"emulator":{"name":"functions"},"message":"[functions] Got req.url=/licheskis-cook-assintant/us-central1/api/recipes, mapping to path=/recipes"}}
[debug] [2025-05-05T13:12:55.877Z] [worker-pool] addWorker(us-central1-api) {"metadata":{"emulator":{"name":"functions"},"message":"[worker-pool] addWorker(us-central1-api)"}}
[debug] [2025-05-05T13:12:55.879Z] [worker-pool] Adding worker with key us-central1-api, total=1 {"metadata":{"emulator":{"name":"functions"},"message":"[worker-pool] Adding worker with key us-central1-api, total=1"}}
[debug] [2025-05-05T13:12:59.426Z] [runtime-status] [21304] Resolved module firebase-admin {"declared":true,"installed":true,"version":"12.7.0","resolution":"C:\\Users\\fabia\\Documents\\licheskis-cook-assistant\\functions\\node_modules\\firebase-admin\\lib\\index.js"} {"metadata":{"emulator":{"name":"functions"},"function":{"name":"us-central1-api"},"extension":{},"message":"[runtime-status] [21304] Resolved module firebase-admin {\"declared\":true,\"installed\":true,\"version\":\"12.7.0\",\"resolution\":\"C:\\\\Users\\\\fabia\\\\Documents\\\\licheskis-cook-assistant\\\\functions\\\\node_modules\\\\firebase-admin\\\\lib\\\\index.js\"}"}}
[debug] [2025-05-05T13:12:59.429Z] [runtime-status] [21304] Resolved module firebase-functions {"declared":true,"installed":true,"version":"6.3.2","resolution":"C:\\Users\\fabia\\Documents\\licheskis-cook-assistant\\functions\\node_modules\\firebase-functions\\lib\\v2\\index.js"} {"metadata":{"emulator":{"name":"functions"},"function":{"name":"us-central1-api"},"extension":{},"message":"[runtime-status] [21304] Resolved module firebase-functions {\"declared\":true,\"installed\":true,\"version\":\"6.3.2\",\"resolution\":\"C:\\\\Users\\\\fabia\\\\Documents\\\\licheskis-cook-assistant\\\\functions\\\\node_modules\\\\firebase-functions\\\\lib\\\\v2\\\\index.js\"}"}}
[debug] [2025-05-05T13:12:59.430Z] [runtime-status] [21304] Outgoing network have been stubbed. [{"name":"http","status":"mocked"},{"name":"http","status":"mocked"},{"name":"https","status":"mocked"},{"name":"https","status":"mocked"},{"name":"net","status":"mocked"}] {"metadata":{"emulator":{"name":"functions"},"function":{"name":"us-central1-api"},"extension":{},"message":"[runtime-status] [21304] Outgoing network have been stubbed. [{\"name\":\"http\",\"status\":\"mocked\"},{\"name\":\"http\",\"status\":\"mocked\"},{\"name\":\"https\",\"status\":\"mocked\"},{\"name\":\"https\",\"status\":\"mocked\"},{\"name\":\"net\",\"status\":\"mocked\"}]"}}
[debug] [2025-05-05T13:12:59.432Z] [runtime-status] [21304] Resolved module firebase-functions {"declared":true,"installed":true,"version":"6.3.2","resolution":"C:\\Users\\fabia\\Documents\\licheskis-cook-assistant\\functions\\node_modules\\firebase-functions\\lib\\v2\\index.js"} {"metadata":{"emulator":{"name":"functions"},"function":{"name":"us-central1-api"},"extension":{},"message":"[runtime-status] [21304] Resolved module firebase-functions {\"declared\":true,\"installed\":true,\"version\":\"6.3.2\",\"resolution\":\"C:\\\\Users\\\\fabia\\\\Documents\\\\licheskis-cook-assistant\\\\functions\\\\node_modules\\\\firebase-functions\\\\lib\\\\v2\\\\index.js\"}"}}
[debug] [2025-05-05T13:13:00.401Z] [runtime-status] [21304] Checked functions.config() {"config":{}} {"metadata":{"emulator":{"name":"functions"},"function":{"name":"us-central1-api"},"extension":{},"message":"[runtime-status] [21304] Checked functions.config() {\"config\":{}}"}}
[debug] [2025-05-05T13:13:00.401Z] [runtime-status] [21304] firebase-functions has been stubbed. {"functionsResolution":{"declared":true,"installed":true,"version":"6.3.2","resolution":"C:\\Users\\fabia\\Documents\\licheskis-cook-assistant\\functions\\node_modules\\firebase-functions\\lib\\v2\\index.js"}} {"metadata":{"emulator":{"name":"functions"},"function":{"name":"us-central1-api"},"extension":{},"message":"[runtime-status] [21304] firebase-functions has been stubbed. {\"functionsResolution\":{\"declared\":true,\"installed\":true,\"version\":\"6.3.2\",\"resolution\":\"C:\\\\Users\\\\fabia\\\\Documents\\\\licheskis-cook-assistant\\\\functions\\\\node_modules\\\\firebase-functions\\\\lib\\\\v2\\\\index.js\"}}"}}
[debug] [2025-05-05T13:13:00.403Z] [runtime-status] [21304] Resolved module firebase-functions {"declared":true,"installed":true,"version":"6.3.2","resolution":"C:\\Users\\fabia\\Documents\\licheskis-cook-assistant\\functions\\node_modules\\firebase-functions\\lib\\v2\\index.js"} {"metadata":{"emulator":{"name":"functions"},"function":{"name":"us-central1-api"},"extension":{},"message":"[runtime-status] [21304] Resolved module firebase-functions {\"declared\":true,\"installed\":true,\"version\":\"6.3.2\",\"resolution\":\"C:\\\\Users\\\\fabia\\\\Documents\\\\licheskis-cook-assistant\\\\functions\\\\node_modules\\\\firebase-functions\\\\lib\\\\v2\\\\index.js\"}"}}
[debug] [2025-05-05T13:13:00.415Z] [runtime-status] [21304] Resolved module firebase-admin {"declared":true,"installed":true,"version":"12.7.0","resolution":"C:\\Users\\fabia\\Documents\\licheskis-cook-assistant\\functions\\node_modules\\firebase-admin\\lib\\index.js"} {"metadata":{"emulator":{"name":"functions"},"function":{"name":"us-central1-api"},"extension":{},"message":"[runtime-status] [21304] Resolved module firebase-admin {\"declared\":true,\"installed\":true,\"version\":\"12.7.0\",\"resolution\":\"C:\\\\Users\\\\fabia\\\\Documents\\\\licheskis-cook-assistant\\\\functions\\\\node_modules\\\\firebase-admin\\\\lib\\\\index.js\"}"}}
[debug] [2025-05-05T13:13:00.422Z] [runtime-status] [21304] Resolved module firebase-functions {"declared":true,"installed":true,"version":"6.3.2","resolution":"C:\\Users\\fabia\\Documents\\licheskis-cook-assistant\\functions\\node_modules\\firebase-functions\\lib\\v2\\index.js"} {"metadata":{"emulator":{"name":"functions"},"function":{"name":"us-central1-api"},"extension":{},"message":"[runtime-status] [21304] Resolved module firebase-functions {\"declared\":true,\"installed\":true,\"version\":\"6.3.2\",\"resolution\":\"C:\\\\Users\\\\fabia\\\\Documents\\\\licheskis-cook-assistant\\\\functions\\\\node_modules\\\\firebase-functions\\\\lib\\\\v2\\\\index.js\"}"}}
[debug] [2025-05-05T13:13:00.423Z] [runtime-status] [21304] firebase-admin has been stubbed. {"adminResolution":{"declared":true,"installed":true,"version":"12.7.0","resolution":"C:\\Users\\fabia\\Documents\\licheskis-cook-assistant\\functions\\node_modules\\firebase-admin\\lib\\index.js"}} {"metadata":{"emulator":{"name":"functions"},"function":{"name":"us-central1-api"},"extension":{},"message":"[runtime-status] [21304] firebase-admin has been stubbed. {\"adminResolution\":{\"declared\":true,\"installed\":true,\"version\":\"12.7.0\",\"resolution\":\"C:\\\\Users\\\\fabia\\\\Documents\\\\licheskis-cook-assistant\\\\functions\\\\node_modules\\\\firebase-admin\\\\lib\\\\index.js\"}}"}}
[debug] [2025-05-05T13:13:00.817Z] [runtime-status] [21304] initializeApp(DEFAULT) {"storageBucket":"licheskis-cook-assintant.firebasestorage.app","projectId":"licheskis-cook-assintant"} {"metadata":{"emulator":{"name":"functions"},"function":{"name":"us-central1-api"},"extension":{},"message":"[runtime-status] [21304] initializeApp(DEFAULT) {\"storageBucket\":\"licheskis-cook-assintant.firebasestorage.app\",\"projectId\":\"licheskis-cook-assintant\"}"}}
[debug] [2025-05-05T13:13:00.844Z] [runtime-status] [21304] Functions runtime initialized. {"cwd":"C:\\Users\\fabia\\Documents\\licheskis-cook-assistant\\functions","node_version":"22.15.0"} {"metadata":{"emulator":{"name":"functions"},"function":{"name":"us-central1-api"},"extension":{},"message":"[runtime-status] [21304] Functions runtime initialized. {\"cwd\":\"C:\\\\Users\\\\fabia\\\\Documents\\\\licheskis-cook-assistant\\\\functions\",\"node_version\":\"22.15.0\"}"}}
[debug] [2025-05-05T13:13:00.844Z] [runtime-status] [21304] Listening to port: \\?\pipe\fire_emu_272b5805063a3f61 {"metadata":{"emulator":{"name":"functions"},"function":{"name":"us-central1-api"},"extension":{},"message":"[runtime-status] [21304] Listening to port: \\\\?\\pipe\\fire_emu_272b5805063a3f61"}}
[debug] [2025-05-05T13:13:00.938Z] [worker-us-central1-api-49532b79-2c8e-4abc-9a51-6eeb0aadb79e]: IDLE {"metadata":{"emulator":{"name":"functions"},"function":{"name":"us-central1-api"},"extension":{},"message":"[worker-us-central1-api-49532b79-2c8e-4abc-9a51-6eeb0aadb79e]: IDLE"}}
[debug] [2025-05-05T13:13:00.939Z] [worker-pool] submitRequest(triggerId=us-central1-api) {"metadata":{"emulator":{"name":"functions"},"message":"[worker-pool] submitRequest(triggerId=us-central1-api)"}}
[info] i  functions: Beginning execution of "us-central1-api" {"metadata":{"emulator":{"name":"functions"},"function":{"name":"us-central1-api"},"extension":{},"message":"Beginning execution of \"us-central1-api\""}}
[debug] [2025-05-05T13:13:00.940Z] [worker-us-central1-api-49532b79-2c8e-4abc-9a51-6eeb0aadb79e]: BUSY {"metadata":{"emulator":{"name":"functions"},"function":{"name":"us-central1-api"},"extension":{},"message":"[worker-us-central1-api-49532b79-2c8e-4abc-9a51-6eeb0aadb79e]: BUSY"}}
[debug] [2025-05-05T13:13:01.895Z] Finishing up request with event=pause {"metadata":{"emulator":{"name":"functions"},"function":{"name":"us-central1-api"},"extension":{},"message":"Finishing up request with event=pause"}}
[info] i  functions: Finished "us-central1-api" in 954.8022ms {"metadata":{"emulator":{"name":"functions"},"function":{"name":"us-central1-api"},"extension":{},"message":"Finished \"us-central1-api\" in 954.8022ms"}}
[debug] [2025-05-05T13:13:01.896Z] [worker-us-central1-api-49532b79-2c8e-4abc-9a51-6eeb0aadb79e]: IDLE {"metadata":{"emulator":{"name":"functions"},"function":{"name":"us-central1-api"},"extension":{},"message":"[worker-us-central1-api-49532b79-2c8e-4abc-9a51-6eeb0aadb79e]: IDLE"}}
[debug] [2025-05-05T13:13:01.896Z] Finishing up request with event=finish {"metadata":{"emulator":{"name":"functions"},"function":{"name":"us-central1-api"},"extension":{},"message":"Finishing up request with event=finish"}}
[debug] [2025-05-05T13:13:01.897Z] Finishing up request with event=close {"metadata":{"emulator":{"name":"functions"},"function":{"name":"us-central1-api"},"extension":{},"message":"Finishing up request with event=close"}}
[debug] [2025-05-05T13:13:01.897Z] [work-queue] {"queuedWork":[],"queueLength":0,"runningWork":[],"workRunningCount":0}
[debug] [2025-05-05T13:13:01.900Z] [work-queue] {"queuedWork":["/licheskis-cook-assintant/us-central1/api/recipes-2025-05-05T13:13:01.900Z"],"queueLength":1,"runningWork":[],"workRunningCount":0}
[debug] [2025-05-05T13:13:01.900Z] [work-queue] {"queuedWork":[],"queueLength":0,"runningWork":["/licheskis-cook-assintant/us-central1/api/recipes-2025-05-05T13:13:01.900Z"],"workRunningCount":1}
[debug] [2025-05-05T13:13:01.900Z] Accepted request GET /licheskis-cook-assintant/us-central1/api/recipes --> us-central1-api
[debug] [2025-05-05T13:13:01.904Z] [functions] Runtime ready! Sending request! {"metadata":{"emulator":{"name":"functions"},"message":"[functions] Runtime ready! Sending request!"}}
[debug] [2025-05-05T13:13:01.905Z] [functions] Got req.url=/licheskis-cook-assintant/us-central1/api/recipes, mapping to path=/recipes {"metadata":{"emulator":{"name":"functions"},"message":"[functions] Got req.url=/licheskis-cook-assintant/us-central1/api/recipes, mapping to path=/recipes"}}
[debug] [2025-05-05T13:13:01.905Z] [worker-pool] submitRequest(triggerId=us-central1-api) {"metadata":{"emulator":{"name":"functions"},"message":"[worker-pool] submitRequest(triggerId=us-central1-api)"}}
[info] i  functions: Beginning execution of "us-central1-api" {"metadata":{"emulator":{"name":"functions"},"function":{"name":"us-central1-api"},"extension":{},"message":"Beginning execution of \"us-central1-api\""}}
[debug] [2025-05-05T13:13:01.906Z] [worker-us-central1-api-49532b79-2c8e-4abc-9a51-6eeb0aadb79e]: BUSY {"metadata":{"emulator":{"name":"functions"},"function":{"name":"us-central1-api"},"extension":{},"message":"[worker-us-central1-api-49532b79-2c8e-4abc-9a51-6eeb0aadb79e]: BUSY"}}
[debug] [2025-05-05T13:13:01.927Z] Finishing up request with event=pause {"metadata":{"emulator":{"name":"functions"},"function":{"name":"us-central1-api"},"extension":{},"message":"Finishing up request with event=pause"}}
[info] i  functions: Finished "us-central1-api" in 21.9401ms {"metadata":{"emulator":{"name":"functions"},"function":{"name":"us-central1-api"},"extension":{},"message":"Finished \"us-central1-api\" in 21.9401ms"}}
[debug] [2025-05-05T13:13:01.928Z] [worker-us-central1-api-49532b79-2c8e-4abc-9a51-6eeb0aadb79e]: IDLE {"metadata":{"emulator":{"name":"functions"},"function":{"name":"us-central1-api"},"extension":{},"message":"[worker-us-central1-api-49532b79-2c8e-4abc-9a51-6eeb0aadb79e]: IDLE"}}
[debug] [2025-05-05T13:13:01.928Z] Finishing up request with event=finish {"metadata":{"emulator":{"name":"functions"},"function":{"name":"us-central1-api"},"extension":{},"message":"Finishing up request with event=finish"}}
[debug] [2025-05-05T13:13:01.929Z] Finishing up request with event=close {"metadata":{"emulator":{"name":"functions"},"function":{"name":"us-central1-api"},"extension":{},"message":"Finishing up request with event=close"}}
[debug] [2025-05-05T13:13:01.929Z] [work-queue] {"queuedWork":[],"queueLength":0,"runningWork":[],"workRunningCount":0}
[debug] [2025-05-05T13:13:10.761Z] [work-queue] {"queuedWork":["/licheskis-cook-assintant/us-central1/api/recipes-2025-05-05T13:13:10.761Z"],"queueLength":1,"runningWork":[],"workRunningCount":0}
[debug] [2025-05-05T13:13:10.761Z] [work-queue] {"queuedWork":[],"queueLength":0,"runningWork":["/licheskis-cook-assintant/us-central1/api/recipes-2025-05-05T13:13:10.761Z"],"workRunningCount":1}
[debug] [2025-05-05T13:13:10.761Z] Accepted request GET /licheskis-cook-assintant/us-central1/api/recipes --> us-central1-api
[debug] [2025-05-05T13:13:10.765Z] [functions] Runtime ready! Sending request! {"metadata":{"emulator":{"name":"functions"},"message":"[functions] Runtime ready! Sending request!"}}
[debug] [2025-05-05T13:13:10.765Z] [functions] Got req.url=/licheskis-cook-assintant/us-central1/api/recipes, mapping to path=/recipes {"metadata":{"emulator":{"name":"functions"},"message":"[functions] Got req.url=/licheskis-cook-assintant/us-central1/api/recipes, mapping to path=/recipes"}}
[debug] [2025-05-05T13:13:10.765Z] [worker-pool] submitRequest(triggerId=us-central1-api) {"metadata":{"emulator":{"name":"functions"},"message":"[worker-pool] submitRequest(triggerId=us-central1-api)"}}
[info] i  functions: Beginning execution of "us-central1-api" {"metadata":{"emulator":{"name":"functions"},"function":{"name":"us-central1-api"},"extension":{},"message":"Beginning execution of \"us-central1-api\""}}
[debug] [2025-05-05T13:13:10.766Z] [worker-us-central1-api-49532b79-2c8e-4abc-9a51-6eeb0aadb79e]: BUSY {"metadata":{"emulator":{"name":"functions"},"function":{"name":"us-central1-api"},"extension":{},"message":"[worker-us-central1-api-49532b79-2c8e-4abc-9a51-6eeb0aadb79e]: BUSY"}}
[debug] [2025-05-05T13:13:10.792Z] Finishing up request with event=pause {"metadata":{"emulator":{"name":"functions"},"function":{"name":"us-central1-api"},"extension":{},"message":"Finishing up request with event=pause"}}
[info] i  functions: Finished "us-central1-api" in 27.2704ms {"metadata":{"emulator":{"name":"functions"},"function":{"name":"us-central1-api"},"extension":{},"message":"Finished \"us-central1-api\" in 27.2704ms"}}
[debug] [2025-05-05T13:13:10.799Z] [worker-us-central1-api-49532b79-2c8e-4abc-9a51-6eeb0aadb79e]: IDLE {"metadata":{"emulator":{"name":"functions"},"function":{"name":"us-central1-api"},"extension":{},"message":"[worker-us-central1-api-49532b79-2c8e-4abc-9a51-6eeb0aadb79e]: IDLE"}}
[debug] [2025-05-05T13:13:10.799Z] Finishing up request with event=finish {"metadata":{"emulator":{"name":"functions"},"function":{"name":"us-central1-api"},"extension":{},"message":"Finishing up request with event=finish"}}
[debug] [2025-05-05T13:13:10.799Z] Finishing up request with event=close {"metadata":{"emulator":{"name":"functions"},"function":{"name":"us-central1-api"},"extension":{},"message":"Finishing up request with event=close"}}
[debug] [2025-05-05T13:13:10.800Z] [work-queue] {"queuedWork":[],"queueLength":0,"runningWork":[],"workRunningCount":0}
[debug] [2025-05-05T13:13:10.801Z] [work-queue] {"queuedWork":["/licheskis-cook-assintant/us-central1/api/recipes-2025-05-05T13:13:10.801Z"],"queueLength":1,"runningWork":[],"workRunningCount":0}
[debug] [2025-05-05T13:13:10.801Z] [work-queue] {"queuedWork":[],"queueLength":0,"runningWork":["/licheskis-cook-assintant/us-central1/api/recipes-2025-05-05T13:13:10.801Z"],"workRunningCount":1}
[debug] [2025-05-05T13:13:10.801Z] Accepted request GET /licheskis-cook-assintant/us-central1/api/recipes --> us-central1-api
[debug] [2025-05-05T13:13:10.806Z] [functions] Runtime ready! Sending request! {"metadata":{"emulator":{"name":"functions"},"message":"[functions] Runtime ready! Sending request!"}}
[debug] [2025-05-05T13:13:10.806Z] [functions] Got req.url=/licheskis-cook-assintant/us-central1/api/recipes, mapping to path=/recipes {"metadata":{"emulator":{"name":"functions"},"message":"[functions] Got req.url=/licheskis-cook-assintant/us-central1/api/recipes, mapping to path=/recipes"}}
[debug] [2025-05-05T13:13:10.806Z] [worker-pool] submitRequest(triggerId=us-central1-api) {"metadata":{"emulator":{"name":"functions"},"message":"[worker-pool] submitRequest(triggerId=us-central1-api)"}}
[info] i  functions: Beginning execution of "us-central1-api" {"metadata":{"emulator":{"name":"functions"},"function":{"name":"us-central1-api"},"extension":{},"message":"Beginning execution of \"us-central1-api\""}}
[debug] [2025-05-05T13:13:10.807Z] [worker-us-central1-api-49532b79-2c8e-4abc-9a51-6eeb0aadb79e]: BUSY {"metadata":{"emulator":{"name":"functions"},"function":{"name":"us-central1-api"},"extension":{},"message":"[worker-us-central1-api-49532b79-2c8e-4abc-9a51-6eeb0aadb79e]: BUSY"}}
[debug] [2025-05-05T13:13:10.841Z] Finishing up request with event=pause {"metadata":{"emulator":{"name":"functions"},"function":{"name":"us-central1-api"},"extension":{},"message":"Finishing up request with event=pause"}}
[info] i  functions: Finished "us-central1-api" in 33.4601ms {"metadata":{"emulator":{"name":"functions"},"function":{"name":"us-central1-api"},"extension":{},"message":"Finished \"us-central1-api\" in 33.4601ms"}}
[debug] [2025-05-05T13:13:10.842Z] [worker-us-central1-api-49532b79-2c8e-4abc-9a51-6eeb0aadb79e]: IDLE {"metadata":{"emulator":{"name":"functions"},"function":{"name":"us-central1-api"},"extension":{},"message":"[worker-us-central1-api-49532b79-2c8e-4abc-9a51-6eeb0aadb79e]: IDLE"}}
[debug] [2025-05-05T13:13:10.843Z] Finishing up request with event=finish {"metadata":{"emulator":{"name":"functions"},"function":{"name":"us-central1-api"},"extension":{},"message":"Finishing up request with event=finish"}}
[debug] [2025-05-05T13:13:10.843Z] Finishing up request with event=close {"metadata":{"emulator":{"name":"functions"},"function":{"name":"us-central1-api"},"extension":{},"message":"Finishing up request with event=close"}}
[debug] [2025-05-05T13:13:10.843Z] [work-queue] {"queuedWork":[],"queueLength":0,"runningWork":[],"workRunningCount":0}
[debug] [2025-05-05T13:13:52.863Z] [work-queue] {"queuedWork":["/licheskis-cook-assintant/us-central1/api/recipes-2025-05-05T13:13:52.863Z"],"queueLength":1,"runningWork":[],"workRunningCount":0}
[debug] [2025-05-05T13:13:52.863Z] [work-queue] {"queuedWork":[],"queueLength":0,"runningWork":["/licheskis-cook-assintant/us-central1/api/recipes-2025-05-05T13:13:52.863Z"],"workRunningCount":1}
[debug] [2025-05-05T13:13:52.863Z] Accepted request OPTIONS /licheskis-cook-assintant/us-central1/api/recipes --> us-central1-api
[debug] [2025-05-05T13:13:52.867Z] [functions] Runtime ready! Sending request! {"metadata":{"emulator":{"name":"functions"},"message":"[functions] Runtime ready! Sending request!"}}
[debug] [2025-05-05T13:13:52.868Z] [functions] Got req.url=/licheskis-cook-assintant/us-central1/api/recipes, mapping to path=/recipes {"metadata":{"emulator":{"name":"functions"},"message":"[functions] Got req.url=/licheskis-cook-assintant/us-central1/api/recipes, mapping to path=/recipes"}}
[debug] [2025-05-05T13:13:52.871Z] [worker-pool] submitRequest(triggerId=us-central1-api) {"metadata":{"emulator":{"name":"functions"},"message":"[worker-pool] submitRequest(triggerId=us-central1-api)"}}
[info] i  functions: Beginning execution of "us-central1-api" {"metadata":{"emulator":{"name":"functions"},"function":{"name":"us-central1-api"},"extension":{},"message":"Beginning execution of \"us-central1-api\""}}
[debug] [2025-05-05T13:13:52.898Z] [worker-us-central1-api-49532b79-2c8e-4abc-9a51-6eeb0aadb79e]: BUSY {"metadata":{"emulator":{"name":"functions"},"function":{"name":"us-central1-api"},"extension":{},"message":"[worker-us-central1-api-49532b79-2c8e-4abc-9a51-6eeb0aadb79e]: BUSY"}}
[debug] [2025-05-05T13:13:52.905Z] Finishing up request with event=pause {"metadata":{"emulator":{"name":"functions"},"function":{"name":"us-central1-api"},"extension":{},"message":"Finishing up request with event=pause"}}
[info] i  functions: Finished "us-central1-api" in 6.8248ms {"metadata":{"emulator":{"name":"functions"},"function":{"name":"us-central1-api"},"extension":{},"message":"Finished \"us-central1-api\" in 6.8248ms"}}
[debug] [2025-05-05T13:13:52.906Z] [worker-us-central1-api-49532b79-2c8e-4abc-9a51-6eeb0aadb79e]: IDLE {"metadata":{"emulator":{"name":"functions"},"function":{"name":"us-central1-api"},"extension":{},"message":"[worker-us-central1-api-49532b79-2c8e-4abc-9a51-6eeb0aadb79e]: IDLE"}}
[debug] [2025-05-05T13:13:52.907Z] Finishing up request with event=finish {"metadata":{"emulator":{"name":"functions"},"function":{"name":"us-central1-api"},"extension":{},"message":"Finishing up request with event=finish"}}
[debug] [2025-05-05T13:13:52.907Z] Finishing up request with event=close {"metadata":{"emulator":{"name":"functions"},"function":{"name":"us-central1-api"},"extension":{},"message":"Finishing up request with event=close"}}
[debug] [2025-05-05T13:13:52.907Z] [work-queue] {"queuedWork":[],"queueLength":0,"runningWork":[],"workRunningCount":0}
[debug] [2025-05-05T13:13:52.908Z] [work-queue] {"queuedWork":["/licheskis-cook-assintant/us-central1/api/recipes-2025-05-05T13:13:52.908Z"],"queueLength":1,"runningWork":[],"workRunningCount":0}
[debug] [2025-05-05T13:13:52.908Z] [work-queue] {"queuedWork":[],"queueLength":0,"runningWork":["/licheskis-cook-assintant/us-central1/api/recipes-2025-05-05T13:13:52.908Z"],"workRunningCount":1}
[debug] [2025-05-05T13:13:52.908Z] Accepted request POST /licheskis-cook-assintant/us-central1/api/recipes --> us-central1-api
[debug] [2025-05-05T13:13:52.912Z] [functions] Runtime ready! Sending request! {"metadata":{"emulator":{"name":"functions"},"message":"[functions] Runtime ready! Sending request!"}}
[debug] [2025-05-05T13:13:52.912Z] [functions] Got req.url=/licheskis-cook-assintant/us-central1/api/recipes, mapping to path=/recipes {"metadata":{"emulator":{"name":"functions"},"message":"[functions] Got req.url=/licheskis-cook-assintant/us-central1/api/recipes, mapping to path=/recipes"}}
[debug] [2025-05-05T13:13:52.912Z] [worker-pool] submitRequest(triggerId=us-central1-api) {"metadata":{"emulator":{"name":"functions"},"message":"[worker-pool] submitRequest(triggerId=us-central1-api)"}}
[info] i  functions: Beginning execution of "us-central1-api" {"metadata":{"emulator":{"name":"functions"},"function":{"name":"us-central1-api"},"extension":{},"message":"Beginning execution of \"us-central1-api\""}}
[debug] [2025-05-05T13:13:52.913Z] [worker-us-central1-api-49532b79-2c8e-4abc-9a51-6eeb0aadb79e]: BUSY {"metadata":{"emulator":{"name":"functions"},"function":{"name":"us-central1-api"},"extension":{},"message":"[worker-us-central1-api-49532b79-2c8e-4abc-9a51-6eeb0aadb79e]: BUSY"}}
[info] >  Recipe created with ID: Rknk7EPVDnuc91DyAiSz {"user":"Recipe created with ID: Rknk7EPVDnuc91DyAiSz","metadata":{"emulator":{"name":"functions"},"function":{"name":"us-central1-api"},"extension":{},"message":"\u001b[90m> \u001b[39m Recipe created with ID: Rknk7EPVDnuc91DyAiSz"}}
[debug] [2025-05-05T13:13:53.311Z] Finishing up request with event=pause {"metadata":{"emulator":{"name":"functions"},"function":{"name":"us-central1-api"},"extension":{},"message":"Finishing up request with event=pause"}}
[info] i  functions: Finished "us-central1-api" in 398.0654ms {"metadata":{"emulator":{"name":"functions"},"function":{"name":"us-central1-api"},"extension":{},"message":"Finished \"us-central1-api\" in 398.0654ms"}}
[debug] [2025-05-05T13:13:53.311Z] [worker-us-central1-api-49532b79-2c8e-4abc-9a51-6eeb0aadb79e]: IDLE {"metadata":{"emulator":{"name":"functions"},"function":{"name":"us-central1-api"},"extension":{},"message":"[worker-us-central1-api-49532b79-2c8e-4abc-9a51-6eeb0aadb79e]: IDLE"}}
[debug] [2025-05-05T13:13:53.312Z] Finishing up request with event=finish {"metadata":{"emulator":{"name":"functions"},"function":{"name":"us-central1-api"},"extension":{},"message":"Finishing up request with event=finish"}}
[debug] [2025-05-05T13:13:53.312Z] Finishing up request with event=close {"metadata":{"emulator":{"name":"functions"},"function":{"name":"us-central1-api"},"extension":{},"message":"Finishing up request with event=close"}}
[debug] [2025-05-05T13:13:53.312Z] [work-queue] {"queuedWork":[],"queueLength":0,"runningWork":[],"workRunningCount":0}
[debug] [2025-05-05T13:14:49.607Z] [work-queue] {"queuedWork":["/licheskis-cook-assintant/us-central1/api/recipes/Rknk7EPVDnuc91DyAiSz-2025-05-05T13:14:49.607Z"],"queueLength":1,"runningWork":[],"workRunningCount":0}
[debug] [2025-05-05T13:14:49.607Z] [work-queue] {"queuedWork":[],"queueLength":0,"runningWork":["/licheskis-cook-assintant/us-central1/api/recipes/Rknk7EPVDnuc91DyAiSz-2025-05-05T13:14:49.607Z"],"workRunningCount":1}
[debug] [2025-05-05T13:14:49.607Z] Accepted request GET /licheskis-cook-assintant/us-central1/api/recipes/Rknk7EPVDnuc91DyAiSz --> us-central1-api
[debug] [2025-05-05T13:14:49.610Z] [functions] Runtime ready! Sending request! {"metadata":{"emulator":{"name":"functions"},"message":"[functions] Runtime ready! Sending request!"}}
[debug] [2025-05-05T13:14:49.611Z] [functions] Got req.url=/licheskis-cook-assintant/us-central1/api/recipes/Rknk7EPVDnuc91DyAiSz, mapping to path=/recipes/Rknk7EPVDnuc91DyAiSz {"metadata":{"emulator":{"name":"functions"},"message":"[functions] Got req.url=/licheskis-cook-assintant/us-central1/api/recipes/Rknk7EPVDnuc91DyAiSz, mapping to path=/recipes/Rknk7EPVDnuc91DyAiSz"}}
[debug] [2025-05-05T13:14:49.611Z] [worker-pool] submitRequest(triggerId=us-central1-api) {"metadata":{"emulator":{"name":"functions"},"message":"[worker-pool] submitRequest(triggerId=us-central1-api)"}}
[info] i  functions: Beginning execution of "us-central1-api" {"metadata":{"emulator":{"name":"functions"},"function":{"name":"us-central1-api"},"extension":{},"message":"Beginning execution of \"us-central1-api\""}}
[debug] [2025-05-05T13:14:49.611Z] [worker-us-central1-api-49532b79-2c8e-4abc-9a51-6eeb0aadb79e]: BUSY {"metadata":{"emulator":{"name":"functions"},"function":{"name":"us-central1-api"},"extension":{},"message":"[worker-us-central1-api-49532b79-2c8e-4abc-9a51-6eeb0aadb79e]: BUSY"}}
[debug] [2025-05-05T13:14:49.633Z] Finishing up request with event=pause {"metadata":{"emulator":{"name":"functions"},"function":{"name":"us-central1-api"},"extension":{},"message":"Finishing up request with event=pause"}}
[info] i  functions: Finished "us-central1-api" in 21.8814ms {"metadata":{"emulator":{"name":"functions"},"function":{"name":"us-central1-api"},"extension":{},"message":"Finished \"us-central1-api\" in 21.8814ms"}}
[debug] [2025-05-05T13:14:49.634Z] [worker-us-central1-api-49532b79-2c8e-4abc-9a51-6eeb0aadb79e]: IDLE {"metadata":{"emulator":{"name":"functions"},"function":{"name":"us-central1-api"},"extension":{},"message":"[worker-us-central1-api-49532b79-2c8e-4abc-9a51-6eeb0aadb79e]: IDLE"}}
[debug] [2025-05-05T13:14:49.634Z] Finishing up request with event=finish {"metadata":{"emulator":{"name":"functions"},"function":{"name":"us-central1-api"},"extension":{},"message":"Finishing up request with event=finish"}}
[debug] [2025-05-05T13:14:49.634Z] Finishing up request with event=close {"metadata":{"emulator":{"name":"functions"},"function":{"name":"us-central1-api"},"extension":{},"message":"Finishing up request with event=close"}}
[debug] [2025-05-05T13:14:49.634Z] [work-queue] {"queuedWork":[],"queueLength":0,"runningWork":[],"workRunningCount":0}
[debug] [2025-05-05T13:14:49.635Z] [work-queue] {"queuedWork":["/licheskis-cook-assintant/us-central1/api/recipes/Rknk7EPVDnuc91DyAiSz-2025-05-05T13:14:49.635Z"],"queueLength":1,"runningWork":[],"workRunningCount":0}
[debug] [2025-05-05T13:14:49.635Z] [work-queue] {"queuedWork":[],"queueLength":0,"runningWork":["/licheskis-cook-assintant/us-central1/api/recipes/Rknk7EPVDnuc91DyAiSz-2025-05-05T13:14:49.635Z"],"workRunningCount":1}
[debug] [2025-05-05T13:14:49.635Z] Accepted request GET /licheskis-cook-assintant/us-central1/api/recipes/Rknk7EPVDnuc91DyAiSz --> us-central1-api
[debug] [2025-05-05T13:14:49.639Z] [functions] Runtime ready! Sending request! {"metadata":{"emulator":{"name":"functions"},"message":"[functions] Runtime ready! Sending request!"}}
[debug] [2025-05-05T13:14:49.639Z] [functions] Got req.url=/licheskis-cook-assintant/us-central1/api/recipes/Rknk7EPVDnuc91DyAiSz, mapping to path=/recipes/Rknk7EPVDnuc91DyAiSz {"metadata":{"emulator":{"name":"functions"},"message":"[functions] Got req.url=/licheskis-cook-assintant/us-central1/api/recipes/Rknk7EPVDnuc91DyAiSz, mapping to path=/recipes/Rknk7EPVDnuc91DyAiSz"}}
[debug] [2025-05-05T13:14:49.639Z] [worker-pool] submitRequest(triggerId=us-central1-api) {"metadata":{"emulator":{"name":"functions"},"message":"[worker-pool] submitRequest(triggerId=us-central1-api)"}}
[info] i  functions: Beginning execution of "us-central1-api" {"metadata":{"emulator":{"name":"functions"},"function":{"name":"us-central1-api"},"extension":{},"message":"Beginning execution of \"us-central1-api\""}}
[debug] [2025-05-05T13:14:49.640Z] [worker-us-central1-api-49532b79-2c8e-4abc-9a51-6eeb0aadb79e]: BUSY {"metadata":{"emulator":{"name":"functions"},"function":{"name":"us-central1-api"},"extension":{},"message":"[worker-us-central1-api-49532b79-2c8e-4abc-9a51-6eeb0aadb79e]: BUSY"}}
[debug] [2025-05-05T13:14:49.664Z] Finishing up request with event=pause {"metadata":{"emulator":{"name":"functions"},"function":{"name":"us-central1-api"},"extension":{},"message":"Finishing up request with event=pause"}}
[info] i  functions: Finished "us-central1-api" in 23.9996ms {"metadata":{"emulator":{"name":"functions"},"function":{"name":"us-central1-api"},"extension":{},"message":"Finished \"us-central1-api\" in 23.9996ms"}}
[debug] [2025-05-05T13:14:49.664Z] [worker-us-central1-api-49532b79-2c8e-4abc-9a51-6eeb0aadb79e]: IDLE {"metadata":{"emulator":{"name":"functions"},"function":{"name":"us-central1-api"},"extension":{},"message":"[worker-us-central1-api-49532b79-2c8e-4abc-9a51-6eeb0aadb79e]: IDLE"}}
[debug] [2025-05-05T13:14:49.665Z] Finishing up request with event=finish {"metadata":{"emulator":{"name":"functions"},"function":{"name":"us-central1-api"},"extension":{},"message":"Finishing up request with event=finish"}}
[debug] [2025-05-05T13:14:49.665Z] Finishing up request with event=close {"metadata":{"emulator":{"name":"functions"},"function":{"name":"us-central1-api"},"extension":{},"message":"Finishing up request with event=close"}}
[debug] [2025-05-05T13:14:49.665Z] [work-queue] {"queuedWork":[],"queueLength":0,"runningWork":[],"workRunningCount":0}
